Arguments: 
  D:\nodejs\node.exe C:\Users\Administrator\AppData\Roaming\npm\node_modules\yarn\bin\yarn.js install

PATH: 
  件安装\;%S;stemRoot%\system32;C:\Windows;C:\Windows\System32\Wbem;C:\Windows\System32\WindowsPowerShell\v1.0\;C:\Windows\System32\OpenSSH\;C:\Program Files\Git\cmd;C:\Windows\system32;D:\nodejs\;C:\Users\Administrator\AppData\Local\Microsoft\WindowsApps;C:\Users\Administrator\AppData\Roaming\npm

Yarn version: 
  1.22.11

Node version: 
  14.17.4

Platform: 
  win32 x64

Trace: 
  Error: ENOSPC: no space left on device, write

npm manifest: 
  {
    "name": "admin-tempalte",
    "version": "0.0.0",
    "scripts": {
      "dev": "vite",
      "build": "vite build",
      "serve": "vite preview"
    },
    "dependencies": {
      "@vitejs/plugin-legacy": "^1.4.0",
      "@vueuse/core": "^4.11.2",
      "animate.css": "^4.1.1",
      "axios": "^0.21.1",
      "element-plus": "^1.0.2-beta.46",
      "ts-md5": "^1.2.8",
      "vue": "^3.2.6",
      "vue-router": "4.0.6",
      "vuex": "^4.0.1"
    },
    "devDependencies": {
      "@types/node": "^15.3.1",
      "@vitejs/plugin-vue": "^1.2.2",
      "@vue/compiler-sfc": "^3.0.5",
      "sass": "^1.33.0",
      "typescript": "^4.1.3",
      "vite": "^2.3.3",
      "vue-tsc": "^0.1.6"
    }
  }

yarn manifest: 
  No manifest

Lockfile: 
  No lockfile
